<?xml version="1.0" encoding="UTF-8"?>
<testsuite name="us.sts.addressbook.tests.GroupModificationTests" tests="1" skipped="0" failures="0" errors="0" timestamp="2018-01-30T00:55:50" hostname="Alexanders-MacBook-Pro.local" time="1.432">
  <properties/>
  <testcase name="testGroupModification" classname="us.sts.addressbook.tests.GroupModificationTests" time="1.432"/>
  <system-out><![CDATA[]]></system-out>
  <system-err><![CDATA[]]></system-err>
</testsuite>
