<?xml version="1.0" encoding="UTF-8"?>
<testsuite name="us.sts.addressbook.tests.GroupDeletionTests" tests="1" skipped="0" failures="0" errors="0" timestamp="2018-01-30T00:55:52" hostname="Alexanders-MacBook-Pro.local" time="0.84">
  <properties/>
  <testcase name="testGroupDeletion" classname="us.sts.addressbook.tests.GroupDeletionTests" time="0.84"/>
  <system-out><![CDATA[]]></system-out>
  <system-err><![CDATA[]]></system-err>
</testsuite>
