<?xml version="1.0" encoding="UTF-8"?>
<testsuite name="us.sts.addressbook.tests.ContactCreationTests" tests="3" skipped="0" failures="0" errors="0" timestamp="2018-01-30T00:51:24" hostname="Alexanders-MacBook-Pro.local" time="36.443">
  <properties/>
  <testcase name="testContactCreation[0](ContactData{id=2147483647, firstName='name 0', lastName='Last 0', group='null'})" classname="us.sts.addressbook.tests.ContactCreationTests" time="15.045"/>
  <testcase name="testContactCreation[1](ContactData{id=2147483647, firstName='name 1', lastName='Last 1', group='null'})" classname="us.sts.addressbook.tests.ContactCreationTests" time="8.893"/>
  <testcase name="testContactCreation[2](ContactData{id=2147483647, firstName='name 2', lastName='Last 2', group='null'})" classname="us.sts.addressbook.tests.ContactCreationTests" time="12.504"/>
  <system-out><![CDATA[]]></system-out>
  <system-err><![CDATA[]]></system-err>
</testsuite>
