<?xml version="1.0" encoding="UTF-8"?>
<testsuite name="us.sts.addressbook.tests.GroupModificationTests" tests="1" skipped="0" failures="0" errors="0" timestamp="2018-01-29T23:57:56" hostname="Alexanders-MacBook-Pro.local" time="1.421">
  <properties/>
  <testcase name="testGroupModification" classname="us.sts.addressbook.tests.GroupModificationTests" time="1.421"/>
  <system-out><![CDATA[]]></system-out>
  <system-err><![CDATA[]]></system-err>
</testsuite>
